2025-11-27 20:17:34,709 - INFO - Starting transformation process...
2025-11-27 20:17:39,445 - INFO - Initial row count: 1931289
2025-11-27 20:17:42,206 - INFO - Converted dates to ISO for columns: ['publication_date', 'signing_date', 'close_date']
2025-11-27 20:18:04,788 - INFO - Transformed contract types in column: contract_type
2025-11-27 20:18:13,454 - INFO - Transform CPVs (max_len=20): Dropped 34 rows. Remaining: 1931255 rows.
2025-11-27 20:18:14,663 - INFO - DropNA subset=['contracted', 'contracting_agency']: Dropped 24 rows. Remaining: 1931231 rows.
2025-11-27 20:18:15,311 - INFO - Filter Max Value execution_deadline <= 11000: Dropped 460 rows. Remaining: 1930771 rows.
2025-11-27 20:18:15,958 - INFO - Filter Price Anomalies: Dropped 5019 rows. Remaining: 1925752 rows.
2025-11-27 20:18:16,469 - INFO - Filter Date Sequence signing_date >= publication_date: Dropped 1719571 rows. Remaining: 206181 rows.
2025-11-27 20:18:17,070 - INFO - Normalized locations in column: execution_location
2025-11-27 20:18:17,313 - INFO - Enriched locations from municipality in column: execution_location
2025-11-27 20:18:17,537 - INFO - Enriched locations from district in column: execution_location
2025-11-27 20:18:17,767 - INFO - Mapped location fixes for country in column: execution_location
2025-11-27 20:18:17,996 - INFO - Mapped location fixes for district in column: execution_location
2025-11-27 20:18:18,231 - INFO - Mapped location fixes for municipality in column: execution_location
2025-11-27 20:18:18,231 - INFO - Transformation complete. Final row count: 206181. Total dropped: 1725108
2025-11-27 20:27:53,477 - INFO - Starting transformation process...
2025-11-27 20:27:58,359 - INFO - Initial row count: 1931289
2025-11-27 20:28:01,131 - INFO - Converted dates to ISO for columns: ['publication_date', 'signing_date', 'close_date']
2025-11-27 20:28:23,624 - INFO - Transformed contract types in column: contract_type
2025-11-27 20:28:32,356 - INFO - Transform CPVs (max_len=20): Dropped 34 rows. Remaining: 1931255 rows.
2025-11-27 20:28:33,578 - INFO - DropNA subset=['contracted', 'contracting_agency']: Dropped 24 rows. Remaining: 1931231 rows.
2025-11-27 20:28:34,233 - INFO - Filter Max Value execution_deadline <= 11000: Dropped 460 rows. Remaining: 1930771 rows.
2025-11-27 20:28:34,884 - INFO - Filter Price Anomalies: Dropped 5019 rows. Remaining: 1925752 rows.
2025-11-27 20:28:35,741 - INFO - Filter Date Sequence publication_date >= signing_date: Dropped 706 rows. Remaining: 1925046 rows.
2025-11-27 20:28:37,565 - INFO - Normalized locations in column: execution_location
2025-11-27 20:28:46,923 - INFO - Enriched locations from municipality in column: execution_location
2025-11-27 20:28:48,451 - INFO - Enriched locations from district in column: execution_location
2025-11-27 20:28:57,593 - INFO - Mapped location fixes for country in column: execution_location
2025-11-27 20:28:59,122 - INFO - Mapped location fixes for district in column: execution_location
2025-11-27 20:29:08,241 - INFO - Mapped location fixes for municipality in column: execution_location
2025-11-27 20:29:08,241 - INFO - Transformation complete. Final row count: 1925046. Total dropped: 6243
